console-transport.ts:23 [INFO] Object
debug_node.mjs:18311 Angular is running in development mode.
index.esm2017.js:1498 App Check debug token: 897a321f-ffa2-4f51-9c89-478faf670a91. You will need to add it to your app's App Check settings in the Firebase console for it to work.
blueprint-list.component.ts:519  [BlueprintList] Unexpected: loadBlueprints called without authenticated user
(匿名) @ blueprint-list.component.ts:519
menu-management.service.ts:66 [MenuManagementService] Config loaded: Object
basic.component.ts:166 [LayoutBasicComponent] Menu config loaded, setting initial menu
menu-management.service.ts:103 [MenuManagementService] Menu updated successfully: Object
:4200/#/blueprints/user:1  Tracking Prevention blocked access to storage for https://www.google.com/.
:4200/#/blueprints/user:1  Tracking Prevention blocked access to storage for https://www.google.com/.
:4200/assets/outline/monitor.svg:1   Failed to load resource: the server responded with a status of 404 (Not Found)
zone.js:165  Uncaught Error: [@ant-design/icons-angular]:the icon monitor-o does not exist or is not registered.
    at IconNotFoundError (ant-design-icons-angular.mjs:90:10)
    at ant-design-icons-angular.mjs:233:15
    at map.js:7:37
    at OperatorSubscriber2._this._next (OperatorSubscriber.js:15:21)
    at Subscriber2.next (Subscriber.js:34:18)
    at Subject.js:41:34
    at errorContext (errorContext.js:19:9)
    at Subject2.next (Subject.js:31:9)
    at Object.next (share.js:46:58)
    at ConsumerObserver2.next (Subscriber.js:96:33)
1:7807661688:web:5f96a5fe30b799f31d1f8d:exchangeDebugToken:1   Failed to load resource: the server responded with a status of 403 ()
index.esm2017.js:78  [2025-12-22T14:58:49.267Z]  @firebase/auth: Auth (11.10.0): Error while retrieving App Check token: FirebaseError: AppCheck: Fetch server returned an HTTP error status. HTTP status: 403. (appCheck/fetch-status-error).
defaultLogHandler @ index.esm2017.js:78
console-transport.ts:23 [INFO] Object
angular-fire.mjs:114  Calling Firebase APIs outside of an Injection context may destabilize your application leading to subtle change-detection and hydration bugs. Find more at https://github.com/angular/angularfire/blob/main/docs/zones.md
warnOutsideInjectionContext @ angular-fire.mjs:114
angular-fire.mjs:117  Firebase API called outside injection context: onSnapshot
warnOutsideInjectionContext @ angular-fire.mjs:117
angular-fire.mjs:117  Firebase API called outside injection context: getDocs
warnOutsideInjectionContext @ angular-fire.mjs:117
angular-fire.mjs:117  Firebase API called outside injection context: onSnapshot
warnOutsideInjectionContext @ angular-fire.mjs:117
angular-fire.mjs:117  Firebase API called outside injection context: getDocs
warnOutsideInjectionContext @ angular-fire.mjs:117
workspace-context.service.ts:68 [WorkspaceContextService] 👤 User authenticated: ac7x@pm.me
console-transport.ts:30  [ERROR] Object
log @ console-transport.ts:30
root_effect_scheduler.mjs:3637  ERROR Object
handleError @ root_effect_scheduler.mjs:3637
1:7807661688:web:5f96a5fe30b799f31d1f8d:exchangeDebugToken:1   Failed to load resource: the server responded with a status of 403 ()
console-transport.ts:23 [INFO] Object
console-transport.ts:23 [INFO] Object
workspace-context.service.ts:83 [WorkspaceContextService] ✅ Organizations loaded: 1
workspace-context.service.ts:97 [WorkspaceContextService] ✅ Teams loaded: 1
workspace-context.service.ts:98 [WorkspaceContextService] ✅ Partners loaded: 0
workspace-context.service.ts:312 [WorkspaceContextService] 🔄 Auto-restoring context...
workspace-context.service.ts:475 [WorkspaceContextService] 💾 Restoring context from localStorage: {"type":"user","id":"YmebcYDwa6dGylG78kZrkRRfFsr2"}
workspace-context.service.ts:481 [WorkspaceContextService] ✅ Context restored: Object
angular-fire.mjs:117  Firebase API called outside injection context: getDocs
warnOutsideInjectionContext @ angular-fire.mjs:117
console-transport.ts:23 [INFO] Object
:4200/assets/outline/block.svg:1   Failed to load resource: the server responded with a status of 404 (Not Found)
zone.js:165  Uncaught Error: [@ant-design/icons-angular]:the icon block-o does not exist or is not registered.
    at IconNotFoundError (ant-design-icons-angular.mjs:90:10)
    at ant-design-icons-angular.mjs:233:15
    at map.js:7:37
    at OperatorSubscriber2._this._next (OperatorSubscriber.js:15:21)
    at Subscriber2.next (Subscriber.js:34:18)
    at Subject.js:41:34
    at errorContext (errorContext.js:19:9)
    at Subject2.next (Subject.js:31:9)
    at Object.next (share.js:46:58)
    at ConsumerObserver2.next (Subscriber.js:96:33)
www.google-analytics.com/g/collect?v=2&tid=G-5KJJ3DD2G7&gtm=45je5ca1v9237263538za200zd9237263538&_p=1766415528964&gcd=13l3l3l3l1l1&npa=0&dma=0&_fid=dv5yyjvaT3nDq5qcsXHNLE&cid=10473280.1765549589&ul=zh-tw&sr=1920x1080&uaa=x86&uab=64&uafvl=Microsoft%2520Edge%3B143.0.3650.96%7CChromium%3B143.0.7499.147%7CNot%2520A(Brand%3B24.0.0.0&uamb=0&uam=&uap=Windows&uapv=19.0.0&uaw=0&are=1&frm=0&pscdl=noapi&_eu=AAAAAAQ&_s=1&tag_exp=103116026~103200004~104527906~104528500~104684208~104684211~105391252~115583767~115938466~115938469~116184927~116184929~116251938~116251940&sid=1766413425&sct=33&seg=1&dl=http%3A%2F%2Flocalhost%2F&dt=GigHub%20-%20%E5%B7%A5%E5%9C%B0%E6%96%BD%E5%B7%A5%E9%80%B2%E5%BA%A6%E8%BF%BD%E8%B9%A4%E7%AE%A1%E7%90%86%E7%B3%BB%E7%B5%B1&en=page_view&_ee=1&ep.origin=firebase&tfd=5260:1   Failed to load resource: net::ERR_BLOCKED_BY_CLIENT
:4200/#/blueprints/user:1  Tracking Prevention blocked an XHR request to https://www.google-analytics.com/g/collect?v=2&tid=G-5KJJ3DD2G7&gtm=45je5ca1v9237263538za200zd9237263538&_p=1766415528964&gcd=13l3l3l3l1l1&npa=0&dma=0&_fid=dv5yyjvaT3nDq5qcsXHNLE&cid=10473280.1765549589&ul=zh-tw&sr=1920x1080&uaa=x86&uab=64&uafvl=Microsoft%2520Edge%3B143.0.3650.96%7CChromium%3B143.0.7499.147%7CNot%2520A(Brand%3B24.0.0.0&uamb=0&uam=&uap=Windows&uapv=19.0.0&uaw=0&are=1&frm=0&pscdl=noapi&_eu=AAAAAAQ&_s=1&tag_exp=103116026~103200004~104527906~104528500~104684208~104684211~105391252~115583767~115938466~115938469~116184927~116184929~116251938~116251940&sid=1766413425&sct=33&seg=1&dl=http%3A%2F%2Flocalhost%2F&dt=GigHub%20-%20%E5%B7%A5%E5%9C%B0%E6%96%BD%E5%B7%A5%E9%80%B2%E5%BA%A6%E8%BF%BD%E8%B9%A4%E7%AE%A1%E7%90%86%E7%B3%BB%E7%B5%B1&en=page_view&_ee=1&ep.origin=firebase&tfd=5260.
angular-fire.mjs:117  Firebase API called outside injection context: getDoc
warnOutsideInjectionContext @ angular-fire.mjs:117
console-transport.ts:23 [INFO] Object
ng-zorro-antd-core-logger.mjs:26  [NG-ZORRO]: [NG-ZORRO]: <nz-tabset> is deprecated, please use <nz-tabs> instead.
(匿名) @ ng-zorro-antd-core-logger.mjs:26
console-transport.ts:23 [INFO] Object
angular-fire.mjs:117  Firebase API called outside injection context: getDocs
warnOutsideInjectionContext @ angular-fire.mjs:117
browser.mjs:1628  Warning: The animation trigger "tabSwitchMotion" is attempting to animate the following not animatable properties: display
(to check the list of all animatable properties visit https://developer.mozilla.org/en-US/docs/Web/CSS/CSS_animated_properties)
checkNonAnimatableInTimelines @ browser.mjs:1628
console-transport.ts:23 [INFO] Object
console-transport.ts:23 [INFO] Object
browser.mjs:1628  Warning: The animation trigger "tabSwitchMotion" is attempting to animate the following not animatable properties: display
(to check the list of all animatable properties visit https://developer.mozilla.org/en-US/docs/Web/CSS/CSS_animated_properties)
checkNonAnimatableInTimelines @ browser.mjs:1628
browser.mjs:1628  Warning: The animation trigger "tabSwitchMotion" is attempting to animate the following not animatable properties: display
(to check the list of all animatable properties visit https://developer.mozilla.org/en-US/docs/Web/CSS/CSS_animated_properties)
checkNonAnimatableInTimelines @ browser.mjs:1628
root_effect_scheduler.mjs:3637  ERROR RuntimeError: NG0203: effect() can only be used within an injection context such as a constructor, a factory function, a field initializer, or a function used with `runInInjectionContext`. Find more at https://v20.angular.dev/errors/NG0203
    at assertInInjectionContext (root_effect_scheduler.mjs:2418:15)
    at effect (resource.mjs:143:9)
    at _TasksModuleViewComponent.ngOnInit (tasks-module-view.component.ts:160:5)
    at callHookInternal (debug_node.mjs:860:14)
    at callHook (debug_node.mjs:887:13)
    at callHooks (debug_node.mjs:841:17)
    at executeInitAndCheckHooks (debug_node.mjs:791:9)
    at refreshView (debug_node.mjs:10179:21)
    at detectChangesInView (debug_node.mjs:10384:9)
    at detectChangesInViewIfAttached (debug_node.mjs:10344:5)
handleError @ root_effect_scheduler.mjs:3637
angular-fire.mjs:117  Firebase API called outside injection context: getDocs
warnOutsideInjectionContext @ angular-fire.mjs:117
browser.mjs:1628  Warning: The animation trigger "tabSwitchMotion" is attempting to animate the following not animatable properties: display
(to check the list of all animatable properties visit https://developer.mozilla.org/en-US/docs/Web/CSS/CSS_animated_properties)
checkNonAnimatableInTimelines @ browser.mjs:1628
browser.mjs:1628  Warning: The animation trigger "tabSwitchMotion" is attempting to animate the following not animatable properties: display
(to check the list of all animatable properties visit https://developer.mozilla.org/en-US/docs/Web/CSS/CSS_animated_properties)
checkNonAnimatableInTimelines @ browser.mjs:1628
console-transport.ts:23 [INFO] Object
console-transport.ts:30  [ERROR] Object
log @ console-transport.ts:30
console-transport.ts:30  [ERROR] Object
log @ console-transport.ts:30
debug_node.mjs:23282  NG0956: The configured tracking expression (track by identity) caused re-creation of the entire collection of size 1. This is an expensive operation requiring destruction and subsequent creation of DOM nodes, directives, components etc. Please review the "track expression" and make sure that it uniquely identifies items in a collection. Find more at https://v20.angular.dev/errors/NG0956
ɵɵrepeater @ debug_node.mjs:23282
debug_node.mjs:23282  NG0956: The configured tracking expression (track by identity) caused re-creation of the entire collection of size 10. This is an expensive operation requiring destruction and subsequent creation of DOM nodes, directives, components etc. Please review the "track expression" and make sure that it uniquely identifies items in a collection. Find more at https://v20.angular.dev/errors/NG0956
ɵɵrepeater @ debug_node.mjs:23282
1:7807661688:web:5f96a5fe30b799f31d1f8d:exchangeDebugToken:1   Failed to load resource: the server responded with a status of 403 ()
